ModuleCmd_Switch.c(179):ERROR:152: Module 'PrgEnv-cray' is currently not loaded
Unloading module for Paraview
Paraview is now unloaded
ffmpeg(4):ERROR:105: Unable to locate a modulefile for 'ffmpeg'
cpu-bind=MASK - nid00348, task  0  0 [1496940]: mask 0xffffff000000000000000000000000000000000000000000ffffff set
cpu-bind=MASK - nid00348, task  1  1 [1496941]: mask 0xffffff000000000000000000000000000000000000000000ffffff000000000000000000000000 set
cpu-bind=MASK - nid00348, task  2  2 [1496942]: mask 0xffffff000000000000000000000000000000000000000000ffffff000000 set
cpu-bind=MASK - nid00348, task  3  3 [1496943]: mask 0xffffff000000000000000000000000000000000000000000ffffff000000000000000000000000000000 set
mem-bind=NONE - nid00348, task  2  2 [1496942]: mask 0xff
mem-bind=NONE - nid00348, task  0  0 [1496940]: mask 0xff
mem-bind=NONE - nid00348, task  3  3 [1496943]: mask 0xff
mem-bind=NONE - nid00348, task  1  1 [1496941]: mask 0xff
cpu-bind=MASK - nid00351, task  4  0 [1584034]: mask 0xffffff000000000000000000000000000000000000000000ffffff set
cpu-bind=MASK - nid00351, task  5  1 [1584035]: mask 0xffffff000000000000000000000000000000000000000000ffffff000000000000000000000000 set
cpu-bind=MASK - nid00351, task  6  2 [1584036]: mask 0xffffff000000000000000000000000000000000000000000ffffff000000 set
cpu-bind=MASK - nid00351, task  7  3 [1584037]: mask 0xffffff000000000000000000000000000000000000000000ffffff000000000000000000000000000000 set
mem-bind=NONE - nid00351, task  5  1 [1584035]: mask 0xff
mem-bind=NONE - nid00351, task  7  3 [1584037]: mask 0xff
mem-bind=NONE - nid00351, task  6  2 [1584036]: mask 0xff
mem-bind=NONE - nid00351, task  4  0 [1584034]: mask 0xff

real	0m14.586s
user	0m0.012s
sys	0m0.071s
